<?xml version="1.0" encoding="UTF-8"?>
<!-- Generated by org.testng.reporters.JUnitReportReporter -->
<testsuite hostname="DESKTOP-4JBD7LS" failures="0" tests="1" name="testCasesHomework4.TestCasesRegisterModul" time="5.182" errors="0" timestamp="2022-12-25T12:59:51 CET" skipped="0">
  <testcase classname="testCasesHomework4.TestCasesRegisterModul" name="TC_REGISTER_002" time="5.182"/>
  <system-out/>
</testsuite> <!-- testCasesHomework4.TestCasesRegisterModul -->
