<?xml version="1.0" encoding="UTF-8"?>
<!-- Generated by org.testng.reporters.JUnitReportReporter -->
<testsuite hostname="DESKTOP-4JBD7LS" failures="0" tests="1" name="testCasesHomework6.EndToEndAsGuest" time="8.914" errors="0" timestamp="2022-12-13T18:18:36 CET" skipped="0">
  <testcase classname="testCasesHomework6.EndToEndAsGuest" name="ednToEndScenarioAsGuest" time="8.914"/>
  <system-out/>
</testsuite> <!-- testCasesHomework6.EndToEndAsGuest -->
