<?xml version="1.0" encoding="UTF-8"?>
<!-- Generated by org.testng.reporters.JUnitReportReporter -->
<testsuite hostname="DESKTOP-4JBD7LS" failures="0" tests="1" name="testCasesHomework4.TestCasesSearchModul" time="6.104" errors="0" timestamp="2022-12-25T12:34:36 CET" skipped="0">
  <testcase classname="testCasesHomework4.TestCasesSearchModul" name="TC_SEARCH_004" time="6.104"/>
  <system-out/>
</testsuite> <!-- testCasesHomework4.TestCasesSearchModul -->
