<?xml version="1.0" encoding="UTF-8"?>
<!-- Generated by org.testng.reporters.JUnitReportReporter -->
<testsuite hostname="DESKTOP-4JBD7LS" failures="0" tests="1" name="testCases.TestCasesRegisterModul" time="11.859" errors="0" timestamp="2022-11-29T19:06:28 CET" skipped="0">
  <testcase classname="testCases.TestCasesRegisterModul" name="TC_REGISTER_005" time="11.859"/>
  <system-out/>
</testsuite> <!-- testCases.TestCasesRegisterModul -->
