<?xml version="1.0" encoding="UTF-8"?>
<!-- Generated by org.testng.reporters.JUnitReportReporter -->
<testsuite hostname="DESKTOP-4JBD7LS" failures="0" tests="1" name="test_Cases_NopCommerce_Demo_WebPage.EndToEndAsGuest" time="16.986" errors="0" timestamp="2023-01-02T21:27:00 CET" skipped="0">
  <testcase classname="test_Cases_NopCommerce_Demo_WebPage.EndToEndAsGuest" name="ednToEndScenarioAsGuest" time="16.986"/>
  <system-out/>
</testsuite> <!-- test_Cases_NopCommerce_Demo_WebPage.EndToEndAsGuest -->
