<?xml version="1.0" encoding="UTF-8"?>
<!-- Generated by org.testng.reporters.JUnitReportReporter -->
<testsuite hostname="DESKTOP-4JBD7LS" failures="0" tests="1" name="test_Cases_NopCommerce_Demo_WebPage.TestCasesLoginModul" time="9.872" errors="0" timestamp="2023-01-01T20:49:02 CET" skipped="0">
  <testcase classname="test_Cases_NopCommerce_Demo_WebPage.TestCasesLoginModul" name="TC_LOGIN_003" time="9.872"/>
  <system-out/>
</testsuite> <!-- test_Cases_NopCommerce_Demo_WebPage.TestCasesLoginModul -->
