<?xml version="1.0" encoding="UTF-8"?>
<!-- Generated by org.testng.reporters.JUnitReportReporter -->
<testsuite hostname="DESKTOP-4JBD7LS" failures="0" tests="1" name="test_Cases_NopCommerce_Demo_WebPage.TestCasesRegisterModul" time="8.713" errors="0" timestamp="2023-01-01T20:49:17 CET" skipped="0">
  <testcase classname="test_Cases_NopCommerce_Demo_WebPage.TestCasesRegisterModul" name="TC_REGISTER_002" time="8.713"/>
  <system-out/>
</testsuite> <!-- test_Cases_NopCommerce_Demo_WebPage.TestCasesRegisterModul -->
