<?xml version="1.0" encoding="UTF-8"?>
<!-- Generated by org.testng.reporters.JUnitReportReporter -->
<testsuite hostname="DESKTOP-4JBD7LS" failures="0" tests="3" name="testCases.TestCasesLoginModul" time="26.142" errors="0" timestamp="2022-11-29T18:07:27 CET" skipped="0">
  <testcase classname="testCases.TestCasesLoginModul" name="TC_LOGIN_003" time="8.316"/>
  <system-out/>
  <testcase classname="testCases.TestCasesLoginModul" name="TC_LOGIN_007" time="8.566"/>
  <system-out/>
  <testcase classname="testCases.TestCasesLoginModul" name="TC_LOGIN_008" time="9.260"/>
  <system-out/>
</testsuite> <!-- testCases.TestCasesLoginModul -->
