<?xml version="1.0" encoding="UTF-8"?>
<!-- Generated by org.testng.reporters.JUnitReportReporter -->
<testsuite hostname="DESKTOP-4JBD7LS" failures="0" tests="1" name="testCasesHomework4.TestScrollToElementAndMouseOver" time="8.203" errors="0" timestamp="2022-12-02T22:12:05 CET" skipped="0">
  <testcase classname="testCasesHomework4.TestScrollToElementAndMouseOver" name="scrolling" time="8.203"/>
  <system-out/>
</testsuite> <!-- testCasesHomework4.TestScrollToElementAndMouseOver -->
