<?xml version="1.0" encoding="UTF-8"?>
<!-- Generated by org.testng.reporters.JUnitReportReporter -->
<testsuite hostname="DESKTOP-4JBD7LS" failures="0" tests="1" name="testCasesHomework4.TestCasesLoginModul" time="3.295" errors="0" timestamp="2022-12-25T11:58:53 CET" skipped="0">
  <testcase classname="testCasesHomework4.TestCasesLoginModul" name="TC_LOGIN_008" time="3.295"/>
  <system-out/>
</testsuite> <!-- testCasesHomework4.TestCasesLoginModul -->
