<?xml version="1.0" encoding="UTF-8"?>
<!-- Generated by org.testng.reporters.JUnitReportReporter -->
<testsuite hostname="DESKTOP-4JBD7LS" failures="0" tests="1" name="alerts_NestedFrames_Wait_DynamicXpath_Examples.TestScrollToElementAndMouseOverForLoop" time="10.906" errors="0" timestamp="2023-01-01T18:55:22 CET" skipped="0">
  <testcase classname="alerts_NestedFrames_Wait_DynamicXpath_Examples.TestScrollToElementAndMouseOverForLoop" name="mousOver" time="10.906"/>
  <system-out/>
</testsuite> <!-- alerts_NestedFrames_Wait_DynamicXpath_Examples.TestScrollToElementAndMouseOverForLoop -->
