<?xml version="1.0" encoding="UTF-8"?>
<!-- Generated by org.testng.reporters.JUnitReportReporter -->
<testsuite hostname="DESKTOP-4JBD7LS" failures="0" tests="1" name="testCases.TestCasesSearchModul" time="8.636" errors="0" timestamp="2022-11-29T19:47:02 CET" skipped="0">
  <testcase classname="testCases.TestCasesSearchModul" name="TC_SEARCH_004" time="8.636"/>
  <system-out/>
</testsuite> <!-- testCases.TestCasesSearchModul -->
