<?xml version="1.0" encoding="UTF-8"?>
<!-- Generated by org.testng.reporters.JUnitReportReporter -->
<testsuite hostname="DESKTOP-4JBD7LS" failures="0" tests="1" name="testCasesHomework6.EndToEndAsregisterdUser" time="16.204" errors="0" timestamp="2022-12-11T21:31:52 CET" skipped="0">
  <testcase classname="testCasesHomework6.EndToEndAsregisterdUser" name="endToEndScenarioAsRegist" time="16.204"/>
  <system-out/>
</testsuite> <!-- testCasesHomework6.EndToEndAsregisterdUser -->
