<?xml version="1.0" encoding="UTF-8"?>
<!-- Generated by org.testng.reporters.JUnitReportReporter -->
<testsuite hostname="DESKTOP-4JBD7LS" failures="0" tests="1" name="testCasesHomework6.Alerts" time="3.966" errors="0" timestamp="2022-12-08T17:14:52 CET" skipped="0">
  <testcase classname="testCasesHomework6.Alerts" name="clickforJSConfirmAlert" time="3.966"/>
  <system-out/>
</testsuite> <!-- testCasesHomework6.Alerts -->
