<?xml version="1.0" encoding="UTF-8"?>
<!-- Generated by org.testng.reporters.JUnitReportReporter -->
<testsuite hostname="DESKTOP-4JBD7LS" failures="0" tests="1" name="testCasesHomework5.TestCasesShoppingCart" time="6.763" errors="0" timestamp="2022-12-28T19:21:53 CET" skipped="0">
  <testcase classname="testCasesHomework5.TestCasesShoppingCart" name="TC_CART_001" time="6.763"/>
  <system-out/>
</testsuite> <!-- testCasesHomework5.TestCasesShoppingCart -->
