<?xml version="1.0" encoding="UTF-8"?>
<!-- Generated by org.testng.reporters.JUnitReportReporter -->
<testsuite hostname="DESKTOP-4JBD7LS" failures="0" tests="1" name="testCasesHomework4.TestCasesWishList" time="4.899" errors="0" timestamp="2022-12-04T17:46:20 CET" skipped="0">
  <testcase classname="testCasesHomework4.TestCasesWishList" name="addToWishlistSucssesfuly" time="4.899"/>
  <system-out/>
</testsuite> <!-- testCasesHomework4.TestCasesWishList -->
