<?xml version="1.0" encoding="UTF-8"?>
<!-- Generated by org.testng.reporters.JUnitReportReporter -->
<testsuite hostname="DESKTOP-4JBD7LS" failures="0" tests="1" name="testCasesHomework4.TestCasesLoginModul" time="13.786" errors="0" timestamp="2022-12-06T19:43:41 CET" skipped="0">
  <testcase classname="testCasesHomework4.TestCasesLoginModul" name="TC_LOGIN_003" time="13.786"/>
  <system-out/>
</testsuite> <!-- testCasesHomework4.TestCasesLoginModul -->
