<?xml version="1.0" encoding="UTF-8"?>
<!-- Generated by org.testng.reporters.JUnitReportReporter -->
<testsuite hostname="DESKTOP-4JBD7LS" failures="0" tests="1" name="testCasesHomework4.TestCasesWishList" time="5.014" errors="0" timestamp="2022-12-25T13:52:37 CET" skipped="0">
  <testcase classname="testCasesHomework4.TestCasesWishList" name="TC_WISHLIST_007" time="5.014"/>
  <system-out/>
</testsuite> <!-- testCasesHomework4.TestCasesWishList -->
