<?xml version="1.0" encoding="UTF-8"?>
<!-- Generated by org.testng.reporters.JUnitReportReporter -->
<testsuite hostname="DESKTOP-4JBD7LS" failures="0" tests="1" name="testCasesHomework6.EndToEndAsGuest" time="15.285" errors="0" timestamp="2022-12-24T19:56:50 CET" skipped="0">
  <testcase classname="testCasesHomework6.EndToEndAsGuest" name="ednToEndScenarioAsGuest" time="15.285"/>
  <system-out/>
</testsuite> <!-- testCasesHomework6.EndToEndAsGuest -->
