<?xml version="1.0" encoding="UTF-8"?>
<!-- Generated by org.testng.reporters.JUnitReportReporter -->
<testsuite hostname="DESKTOP-4JBD7LS" failures="0" tests="1" name="testCasesHomework6.EndToEndAsRegisterdUser" time="6.010" errors="0" timestamp="2022-12-24T19:27:08 CET" skipped="0">
  <testcase classname="testCasesHomework6.EndToEndAsRegisterdUser" name="endToEndScenarioAsRegist" time="6.010"/>
  <system-out/>
</testsuite> <!-- testCasesHomework6.EndToEndAsRegisterdUser -->
