<?xml version="1.0" encoding="UTF-8"?>
<!-- Generated by org.testng.reporters.JUnitReportReporter -->
<testsuite hostname="DESKTOP-4JBD7LS" failures="0" tests="1" name="test_Cases_NopCommerce_Demo_WebPage.TestCasesPLP" time="7.367" errors="0" timestamp="2023-01-01T20:06:42 CET" skipped="0">
  <testcase classname="test_Cases_NopCommerce_Demo_WebPage.TestCasesPLP" name="TC_PRODUCT_010" time="7.367"/>
  <system-out/>
</testsuite> <!-- test_Cases_NopCommerce_Demo_WebPage.TestCasesPLP -->
