<?xml version="1.0" encoding="UTF-8"?>
<!-- Generated by org.testng.reporters.JUnitReportReporter -->
<testsuite hostname="DESKTOP-4JBD7LS" failures="0" tests="3" name="testCasesHomework4.TestCasesSearchModul" time="18.358" errors="0" timestamp="2022-11-29T19:49:12 CET" skipped="0">
  <testcase classname="testCasesHomework4.TestCasesSearchModul" name="TC_SEARCH_001" time="5.382"/>
  <system-out/>
  <testcase classname="testCasesHomework4.TestCasesSearchModul" name="TC_SEARCH_002" time="5.248"/>
  <system-out/>
  <testcase classname="testCasesHomework4.TestCasesSearchModul" name="TC_SEARCH_004" time="7.728"/>
  <system-out/>
</testsuite> <!-- testCasesHomework4.TestCasesSearchModul -->
