<?xml version="1.0" encoding="UTF-8"?>
<!-- Generated by org.testng.reporters.JUnitReportReporter -->
<testsuite hostname="DESKTOP-4JBD7LS" failures="0" tests="1" name="testCasesHomework5.waitExamples$addToCart" time="17.574" errors="0" timestamp="2022-12-03T22:13:04 CET" skipped="0">
  <testcase classname="testCasesHomework5.waitExamples$addToCart" name="last" time="17.574"/>
  <system-out/>
</testsuite> <!-- testCasesHomework5.waitExamples$addToCart -->
