<?xml version="1.0" encoding="UTF-8"?>
<!-- Generated by org.testng.reporters.JUnitReportReporter -->
<testsuite hostname="DESKTOP-4JBD7LS" failures="0" tests="1" name="testCasesHomework6.DynmaicXPath" time="2.004" errors="0" timestamp="2022-12-08T22:57:35 CET" skipped="0">
  <testcase classname="testCasesHomework6.DynmaicXPath" name="dynamicXpath" time="2.004"/>
  <system-out/>
</testsuite> <!-- testCasesHomework6.DynmaicXPath -->
