<?xml version="1.0" encoding="UTF-8"?>
<!-- Generated by org.testng.reporters.JUnitReportReporter -->
<testsuite hostname="DESKTOP-4JBD7LS" failures="0" tests="1" name="testCasesHomework5.TestCasesShoppingCart" time="9.793" errors="0" timestamp="2022-12-06T20:00:35 CET" skipped="0">
  <testcase classname="testCasesHomework5.TestCasesShoppingCart" name="TC_CART_022" time="9.793"/>
  <system-out/>
</testsuite> <!-- testCasesHomework5.TestCasesShoppingCart -->
