<?xml version="1.0" encoding="UTF-8"?>
<!-- Generated by org.testng.reporters.JUnitReportReporter -->
<testsuite hostname="DESKTOP-4JBD7LS" failures="0" tests="1" name="testCasesHomework4.TestScrollToElement" time="15.132" errors="0" timestamp="2022-11-29T23:13:21 CET" skipped="0">
  <testcase classname="testCasesHomework4.TestScrollToElement" name="scrollToTheElement" time="15.132"/>
  <system-out/>
</testsuite> <!-- testCasesHomework4.TestScrollToElement -->
